<?xml version="1.0" encoding="UTF-8"?>
<!-- Generated by org.testng.reporters.JUnitReportReporter -->
<testsuite hostname="coldfish" failures="0" tests="1" name="test.EbayHomePageTest" time="8.893" errors="0" timestamp="2023-07-17T16:09:45 IST" skipped="0">
  <testcase classname="test.EbayHomePageTest" name="homePageTest" time="8.893"/>
  <system-out/>
</testsuite> <!-- test.EbayHomePageTest -->
