<?xml version="1.0" encoding="UTF-8"?>
<!-- Generated by org.testng.reporters.JUnitReportReporter -->
<testsuite hostname="coldfish" failures="0" tests="1" name="test.EbayElectronicTest" time="9.561" errors="0" timestamp="2023-07-17T16:09:45 IST" skipped="0">
  <testcase classname="test.EbayElectronicTest" name="electronicsPageTest" time="9.561"/>
  <system-out/>
</testsuite> <!-- test.EbayElectronicTest -->
